Performing C SOURCE FILE Test CMAKE_HAVE_LIBC_PTHREAD failed with the following output:
Change Dir: /home/tfpeng/work/other/TFwork/code/mat/GazeboPlugin/build/CMakeFiles/CMakeTmp

Run Build Command(s):/usr/bin/make cmTC_dddf7/fast && /usr/bin/make -f CMakeFiles/cmTC_dddf7.dir/build.make CMakeFiles/cmTC_dddf7.dir/build
make[1]: 进入目录“/home/tfpeng/work/other/TFwork/code/mat/GazeboPlugin/build/CMakeFiles/CMakeTmp”
Building C object CMakeFiles/cmTC_dddf7.dir/src.c.o
/usr/bin/cc   -Wall  -O3 -march=native  -DCMAKE_HAVE_LIBC_PTHREAD   -o CMakeFiles/cmTC_dddf7.dir/src.c.o   -c /home/tfpeng/work/other/TFwork/code/mat/GazeboPlugin/build/CMakeFiles/CMakeTmp/src.c
Linking C executable cmTC_dddf7
/usr/bin/cmake -E cmake_link_script CMakeFiles/cmTC_dddf7.dir/link.txt --verbose=1
/usr/bin/cc   -Wall  -O3 -march=native  -DCMAKE_HAVE_LIBC_PTHREAD    -rdynamic CMakeFiles/cmTC_dddf7.dir/src.c.o  -o cmTC_dddf7 
/usr/bin/ld: CMakeFiles/cmTC_dddf7.dir/src.c.o: in function `main':
src.c:(.text.startup+0x29): undefined reference to `pthread_create'
/usr/bin/ld: src.c:(.text.startup+0x32): undefined reference to `pthread_detach'
/usr/bin/ld: src.c:(.text.startup+0x3d): undefined reference to `pthread_join'
collect2: error: ld returned 1 exit status
make[1]: *** [CMakeFiles/cmTC_dddf7.dir/build.make:87：cmTC_dddf7] 错误 1
make[1]: 离开目录“/home/tfpeng/work/other/TFwork/code/mat/GazeboPlugin/build/CMakeFiles/CMakeTmp”
make: *** [Makefile:121：cmTC_dddf7/fast] 错误 2


Source file was:
#include <pthread.h>

void* test_func(void* data)
{
  return data;
}

int main(void)
{
  pthread_t thread;
  pthread_create(&thread, NULL, test_func, NULL);
  pthread_detach(thread);
  pthread_join(thread, NULL);
  pthread_atfork(NULL, NULL, NULL);
  pthread_exit(NULL);

  return 0;
}

Determining if the function pthread_create exists in the pthreads failed with the following output:
Change Dir: /home/tfpeng/work/other/TFwork/code/mat/GazeboPlugin/build/CMakeFiles/CMakeTmp

Run Build Command(s):/usr/bin/make cmTC_623d2/fast && /usr/bin/make -f CMakeFiles/cmTC_623d2.dir/build.make CMakeFiles/cmTC_623d2.dir/build
make[1]: 进入目录“/home/tfpeng/work/other/TFwork/code/mat/GazeboPlugin/build/CMakeFiles/CMakeTmp”
Building C object CMakeFiles/cmTC_623d2.dir/CheckFunctionExists.c.o
/usr/bin/cc   -Wall  -O3 -march=native  -DCHECK_FUNCTION_EXISTS=pthread_create   -o CMakeFiles/cmTC_623d2.dir/CheckFunctionExists.c.o   -c /usr/share/cmake-3.16/Modules/CheckFunctionExists.c
Linking C executable cmTC_623d2
/usr/bin/cmake -E cmake_link_script CMakeFiles/cmTC_623d2.dir/link.txt --verbose=1
/usr/bin/cc   -Wall  -O3 -march=native  -DCHECK_FUNCTION_EXISTS=pthread_create    -rdynamic CMakeFiles/cmTC_623d2.dir/CheckFunctionExists.c.o  -o cmTC_623d2  -lpthreads 
/usr/bin/ld: 找不到 -lpthreads
collect2: error: ld returned 1 exit status
make[1]: *** [CMakeFiles/cmTC_623d2.dir/build.make:87：cmTC_623d2] 错误 1
make[1]: 离开目录“/home/tfpeng/work/other/TFwork/code/mat/GazeboPlugin/build/CMakeFiles/CMakeTmp”
make: *** [Makefile:121：cmTC_623d2/fast] 错误 2



